Using pre-set license
Built from '2020.3/staging' branch; Version is '2020.3.6f1 (338bb68529b2) revision 3378102'; Using compiler version '192528614'; Build Type 'Release'
OS: 'Windows 10 Home Single Language; OS build 18363.418; Version 1909; 64bit' Language: 'en' Physical Memory: 7994 MB
BatchMode: 1, IsHumanControllingUs: 0, StartBugReporterOnCrash: 0, Is64bit: 1, IsPro: 0

 COMMAND LINE ARGUMENTS:
C:\Program Files\Unity\Hub\Editor\2020.3.6f1\Editor\Unity.exe
-adb2
-batchMode
-noUpm
-name
AssetImportWorker0
-projectPath
C:/Users/91626/among us
-logFile
Logs/AssetImportWorker0.log
-srvPort
54890
Successfully changed project path to: C:/Users/91626/among us
C:/Users/91626/among us
Using Asset Import Pipeline V2.
Refreshing native plugins compatible for Editor in 42.58 ms, found 0 plugins.
Preloading 0 native plugins for Editor in 0.00 ms.
Initialize engine version: 2020.3.6f1 (338bb68529b2)
[Subsystems] Discovering subsystems at path C:/Program Files/Unity/Hub/Editor/2020.3.6f1/Editor/Data/Resources/UnitySubsystems
[Subsystems] Discovering subsystems at path C:/Users/91626/among us/Assets
GfxDevice: creating device client; threaded=0
Direct3D:
    Version:  Direct3D 11.0 [level 11.1]
    Renderer: NVIDIA GeForce MX330 (ID=0x1d16)
    Vendor:   
    VRAM:     1983 MB
    Driver:   27.21.14.6627
Initialize mono
Mono path[0] = 'C:/Program Files/Unity/Hub/Editor/2020.3.6f1/Editor/Data/Managed'
Mono path[1] = 'C:/Program Files/Unity/Hub/Editor/2020.3.6f1/Editor/Data/MonoBleedingEdge/lib/mono/unityjit'
Mono config path = 'C:/Program Files/Unity/Hub/Editor/2020.3.6f1/Editor/Data/MonoBleedingEdge/etc'
Using monoOptions --debugger-agent=transport=dt_socket,embedding=1,server=y,suspend=n,address=127.0.0.1:56088
Begin MonoManager ReloadAssembly
Registering precompiled unity dll's ...
Register platform support module: C:/Program Files/Unity/Hub/Editor/2020.3.6f1/Editor/Data/PlaybackEngines/WebGLSupport/UnityEditor.WebGL.Extensions.dll
Register platform support module: C:/Program Files/Unity/Hub/Editor/2020.3.6f1/Editor/Data/PlaybackEngines/WindowsStandaloneSupport/UnityEditor.WindowsStandalone.Extensions.dll
Registered in 0.002540 seconds.
Native extension for WindowsStandalone target not found
Native extension for WebGL target not found
Refreshing native plugins compatible for Editor in 31.25 ms, found 0 plugins.
Preloading 0 native plugins for Editor in 0.00 ms.
Mono: successfully reloaded assembly
- Completed reload, in  1.509 seconds
Platform modules already initialized, skipping
Registering precompiled user dll's ...
Registered in 0.000985 seconds.
Begin MonoManager ReloadAssembly
Native extension for WindowsStandalone target not found
Native extension for WebGL target not found
Refreshing native plugins compatible for Editor in 1.37 ms, found 0 plugins.
Preloading 0 native plugins for Editor in 0.00 ms.
Mono: successfully reloaded assembly
- Completed reload, in  2.613 seconds
Platform modules already initialized, skipping
========================================================================
Worker process is ready to serve import requests
Launched and connected shader compiler UnityShaderCompiler.exe after 0.19 seconds
Refreshing native plugins compatible for Editor in 0.93 ms, found 0 plugins.
Preloading 0 native plugins for Editor in 0.00 ms.
Unloading 1117 Unused Serialized files (Serialized files now loaded: 0)
System memory in use before: 57.3 MB.
System memory in use after: 57.3 MB.

Unloading 10 unused Assets to reduce memory usage. Loaded Objects now: 1559.
Total: 7.183900 ms (FindLiveObjects: 0.570500 ms CreateObjectMapping: 0.190500 ms MarkObjects: 6.083200 ms  DeleteObjects: 0.335500 ms)

========================================================================
Received Import Request.
  path: Assets/Scripts/NewBehaviourScript.cs
  artifactKey: Guid(2ed6c357be3f8834499361dfec06d30b) Importer(815301076,1909f56bfc062723c751e8b465ee728b)
Start importing Assets/Scripts/NewBehaviourScript.cs using Guid(2ed6c357be3f8834499361dfec06d30b) Importer(815301076,1909f56bfc062723c751e8b465ee728b)  -> (artifact id: 'd76a92380c0cb32cbcdf48cf80d4e1cb') in 0.091607 seconds
  Import took 0.100356 seconds .

========================================================================
Received Prepare
Registering precompiled user dll's ...
Registered in 0.000913 seconds.
Begin MonoManager ReloadAssembly
Native extension for WindowsStandalone target not found
Native extension for WebGL target not found
Refreshing native plugins compatible for Editor in 0.21 ms, found 0 plugins.
Preloading 0 native plugins for Editor in 0.00 ms.
Mono: successfully reloaded assembly
- Completed reload, in  0.991 seconds
Platform modules already initialized, skipping
Refreshing native plugins compatible for Editor in 0.24 ms, found 0 plugins.
Preloading 0 native plugins for Editor in 0.00 ms.
Unloading 1111 Unused Serialized files (Serialized files now loaded: 0)
System memory in use before: 57.2 MB.
System memory in use after: 57.3 MB.

Unloading 6 unused Assets to reduce memory usage. Loaded Objects now: 1561.
Total: 2.644800 ms (FindLiveObjects: 0.212900 ms CreateObjectMapping: 0.093700 ms MarkObjects: 2.275700 ms  DeleteObjects: 0.060600 ms)

========================================================================
Received Import Request.
  Time since last request: 51.558646 seconds.
  path: Assets/Scripts/NewBehaviourScript1.cs
  artifactKey: Guid(58c3ed7ed27df4944875694a55f92e36) Importer(815301076,1909f56bfc062723c751e8b465ee728b)
Start importing Assets/Scripts/NewBehaviourScript1.cs using Guid(58c3ed7ed27df4944875694a55f92e36) Importer(815301076,1909f56bfc062723c751e8b465ee728b)  -> (artifact id: '1c17ec5d98fd268267df53d27438f962') in 0.017151 seconds
  Import took 0.020872 seconds .

========================================================================
Received Prepare
Registering precompiled user dll's ...
Registered in 0.001153 seconds.
Begin MonoManager ReloadAssembly
Native extension for WindowsStandalone target not found
Native extension for WebGL target not found
Refreshing native plugins compatible for Editor in 0.32 ms, found 0 plugins.
Preloading 0 native plugins for Editor in 0.00 ms.
Mono: successfully reloaded assembly
- Completed reload, in  0.940 seconds
Platform modules already initialized, skipping
Refreshing native plugins compatible for Editor in 0.37 ms, found 0 plugins.
Preloading 0 native plugins for Editor in 0.00 ms.
Unloading 1111 Unused Serialized files (Serialized files now loaded: 0)
System memory in use before: 57.2 MB.
System memory in use after: 57.3 MB.

Unloading 5 unused Assets to reduce memory usage. Loaded Objects now: 1564.
Total: 3.594800 ms (FindLiveObjects: 0.293200 ms CreateObjectMapping: 0.058200 ms MarkObjects: 2.915400 ms  DeleteObjects: 0.265900 ms)

========================================================================
Received Import Request.
  Time since last request: 27.057168 seconds.
  path: Assets/Scripts/PlayerMovement.cs
  artifactKey: Guid(2ed6c357be3f8834499361dfec06d30b) Importer(815301076,1909f56bfc062723c751e8b465ee728b)
Start importing Assets/Scripts/PlayerMovement.cs using Guid(2ed6c357be3f8834499361dfec06d30b) Importer(815301076,1909f56bfc062723c751e8b465ee728b)  -> (artifact id: '96454fd77f823c4e50e2163b95e92d8d') in 0.015837 seconds
  Import took 0.019676 seconds .

========================================================================
Received Prepare
Registering precompiled user dll's ...
Registered in 0.000627 seconds.
Begin MonoManager ReloadAssembly
Native extension for WindowsStandalone target not found
Native extension for WebGL target not found
Refreshing native plugins compatible for Editor in 0.25 ms, found 0 plugins.
Preloading 0 native plugins for Editor in 0.00 ms.
Mono: successfully reloaded assembly
- Completed reload, in  0.917 seconds
Platform modules already initialized, skipping
Refreshing native plugins compatible for Editor in 0.36 ms, found 0 plugins.
Preloading 0 native plugins for Editor in 0.00 ms.
Unloading 1111 Unused Serialized files (Serialized files now loaded: 0)
System memory in use before: 57.2 MB.
System memory in use after: 57.3 MB.

Unloading 5 unused Assets to reduce memory usage. Loaded Objects now: 1567.
Total: 2.497100 ms (FindLiveObjects: 0.534100 ms CreateObjectMapping: 0.071100 ms MarkObjects: 1.797600 ms  DeleteObjects: 0.091000 ms)

========================================================================
Received Prepare
Registering precompiled user dll's ...
Registered in 0.001623 seconds.
Begin MonoManager ReloadAssembly
Native extension for WindowsStandalone target not found
Native extension for WebGL target not found
Refreshing native plugins compatible for Editor in 0.35 ms, found 0 plugins.
Preloading 0 native plugins for Editor in 0.00 ms.
Mono: successfully reloaded assembly
- Completed reload, in  1.449 seconds
Platform modules already initialized, skipping
Refreshing native plugins compatible for Editor in 0.37 ms, found 0 plugins.
Preloading 0 native plugins for Editor in 0.00 ms.
Unloading 1111 Unused Serialized files (Serialized files now loaded: 0)
System memory in use before: 57.2 MB.
System memory in use after: 57.3 MB.

Unloading 5 unused Assets to reduce memory usage. Loaded Objects now: 1570.
Total: 3.373600 ms (FindLiveObjects: 0.234600 ms CreateObjectMapping: 0.067400 ms MarkObjects: 2.887100 ms  DeleteObjects: 0.181200 ms)

========================================================================
Received Import Request.
  Time since last request: 4214.481366 seconds.
  path: Assets/Scripts/PlayerMovement.cs
  artifactKey: Guid(2ed6c357be3f8834499361dfec06d30b) Importer(815301076,1909f56bfc062723c751e8b465ee728b)
Start importing Assets/Scripts/PlayerMovement.cs using Guid(2ed6c357be3f8834499361dfec06d30b) Importer(815301076,1909f56bfc062723c751e8b465ee728b)  -> (artifact id: '8a2992fd50dcf0792cb17dc60f6d0325') in 0.016882 seconds
  Import took 0.021247 seconds .

========================================================================
Received Prepare
Registering precompiled user dll's ...
Registered in 0.001065 seconds.
Begin MonoManager ReloadAssembly
Native extension for WindowsStandalone target not found
Native extension for WebGL target not found
Refreshing native plugins compatible for Editor in 0.50 ms, found 0 plugins.
Preloading 0 native plugins for Editor in 0.00 ms.
Mono: successfully reloaded assembly
- Completed reload, in  2.252 seconds
Platform modules already initialized, skipping
Refreshing native plugins compatible for Editor in 0.33 ms, found 0 plugins.
Preloading 0 native plugins for Editor in 0.00 ms.
Unloading 1111 Unused Serialized files (Serialized files now loaded: 0)
System memory in use before: 57.2 MB.
System memory in use after: 57.3 MB.

Unloading 5 unused Assets to reduce memory usage. Loaded Objects now: 1573.
Total: 4.291800 ms (FindLiveObjects: 0.334300 ms CreateObjectMapping: 0.094300 ms MarkObjects: 3.713700 ms  DeleteObjects: 0.145300 ms)

========================================================================
Received Prepare
Registering precompiled user dll's ...
Registered in 0.074244 seconds.
Begin MonoManager ReloadAssembly
Native extension for WindowsStandalone target not found
Native extension for WebGL target not found
Refreshing native plugins compatible for Editor in 0.21 ms, found 0 plugins.
Preloading 0 native plugins for Editor in 0.00 ms.
Mono: successfully reloaded assembly
- Completed reload, in  3.998 seconds
Platform modules already initialized, skipping
Refreshing native plugins compatible for Editor in 0.18 ms, found 0 plugins.
Preloading 0 native plugins for Editor in 0.00 ms.
Unloading 1111 Unused Serialized files (Serialized files now loaded: 0)
System memory in use before: 57.3 MB.
System memory in use after: 57.3 MB.

Unloading 5 unused Assets to reduce memory usage. Loaded Objects now: 1576.
Total: 3.289400 ms (FindLiveObjects: 0.190700 ms CreateObjectMapping: 0.060800 ms MarkObjects: 2.952500 ms  DeleteObjects: 0.082900 ms)

========================================================================
Received Prepare
Registering precompiled user dll's ...
Registered in 0.000565 seconds.
Begin MonoManager ReloadAssembly
Native extension for WindowsStandalone target not found
Native extension for WebGL target not found
Refreshing native plugins compatible for Editor in 0.29 ms, found 0 plugins.
Preloading 0 native plugins for Editor in 0.00 ms.
Mono: successfully reloaded assembly
- Completed reload, in  1.067 seconds
Platform modules already initialized, skipping
Refreshing native plugins compatible for Editor in 0.26 ms, found 0 plugins.
Preloading 0 native plugins for Editor in 0.00 ms.
Unloading 1111 Unused Serialized files (Serialized files now loaded: 0)
System memory in use before: 57.3 MB.
System memory in use after: 57.3 MB.

Unloading 5 unused Assets to reduce memory usage. Loaded Objects now: 1579.
Total: 2.503200 ms (FindLiveObjects: 0.257300 ms CreateObjectMapping: 0.057200 ms MarkObjects: 1.979200 ms  DeleteObjects: 0.205400 ms)

========================================================================
Received Import Request.
  Time since last request: 4054.950778 seconds.
  path: Assets/Scripts/PlayerMovement.cs
  artifactKey: Guid(2ed6c357be3f8834499361dfec06d30b) Importer(815301076,1909f56bfc062723c751e8b465ee728b)
Start importing Assets/Scripts/PlayerMovement.cs using Guid(2ed6c357be3f8834499361dfec06d30b) Importer(815301076,1909f56bfc062723c751e8b465ee728b)  -> (artifact id: '45fa28ed8395ca7ad370b62e73129c06') in 0.024130 seconds
  Import took 0.029477 seconds .

========================================================================
Received Prepare
Registering precompiled user dll's ...
Registered in 0.000708 seconds.
Begin MonoManager ReloadAssembly
Native extension for WindowsStandalone target not found
Native extension for WebGL target not found
Refreshing native plugins compatible for Editor in 0.21 ms, found 0 plugins.
Preloading 0 native plugins for Editor in 0.00 ms.
Mono: successfully reloaded assembly
- Completed reload, in  0.903 seconds
Platform modules already initialized, skipping
Refreshing native plugins compatible for Editor in 0.30 ms, found 0 plugins.
Preloading 0 native plugins for Editor in 0.00 ms.
Unloading 1111 Unused Serialized files (Serialized files now loaded: 0)
System memory in use before: 57.3 MB.
System memory in use after: 57.3 MB.

Unloading 5 unused Assets to reduce memory usage. Loaded Objects now: 1582.
Total: 2.009900 ms (FindLiveObjects: 0.178500 ms CreateObjectMapping: 0.049900 ms MarkObjects: 1.695500 ms  DeleteObjects: 0.083900 ms)

========================================================================
Received Import Request.
  Time since last request: 776.202532 seconds.
  path: Assets/Scripts/PlayerMovement.cs
  artifactKey: Guid(2ed6c357be3f8834499361dfec06d30b) Importer(815301076,1909f56bfc062723c751e8b465ee728b)
Start importing Assets/Scripts/PlayerMovement.cs using Guid(2ed6c357be3f8834499361dfec06d30b) Importer(815301076,1909f56bfc062723c751e8b465ee728b)  -> (artifact id: 'dfa9ee58b76a4bb8f605f673806c66f0') in 0.008404 seconds
  Import took 0.018260 seconds .

========================================================================
Received Prepare
Registering precompiled user dll's ...
Registered in 0.000526 seconds.
Begin MonoManager ReloadAssembly
Native extension for WindowsStandalone target not found
Native extension for WebGL target not found
Refreshing native plugins compatible for Editor in 0.29 ms, found 0 plugins.
Preloading 0 native plugins for Editor in 0.00 ms.
Mono: successfully reloaded assembly
- Completed reload, in  0.765 seconds
Platform modules already initialized, skipping
Refreshing native plugins compatible for Editor in 0.19 ms, found 0 plugins.
Preloading 0 native plugins for Editor in 0.00 ms.
Unloading 1111 Unused Serialized files (Serialized files now loaded: 0)
System memory in use before: 57.3 MB.
System memory in use after: 57.4 MB.

Unloading 5 unused Assets to reduce memory usage. Loaded Objects now: 1585.
Total: 1.645000 ms (FindLiveObjects: 0.149300 ms CreateObjectMapping: 0.028300 ms MarkObjects: 1.390100 ms  DeleteObjects: 0.075600 ms)

========================================================================
Received Prepare
Registering precompiled user dll's ...
Registered in 0.000780 seconds.
Begin MonoManager ReloadAssembly
Native extension for WindowsStandalone target not found
Native extension for WebGL target not found
Refreshing native plugins compatible for Editor in 0.27 ms, found 0 plugins.
Preloading 0 native plugins for Editor in 0.00 ms.
Mono: successfully reloaded assembly
- Completed reload, in  1.074 seconds
Platform modules already initialized, skipping
Refreshing native plugins compatible for Editor in 0.33 ms, found 0 plugins.
Preloading 0 native plugins for Editor in 0.00 ms.
Unloading 1111 Unused Serialized files (Serialized files now loaded: 0)
System memory in use before: 57.3 MB.
System memory in use after: 57.4 MB.

Unloading 5 unused Assets to reduce memory usage. Loaded Objects now: 1588.
Total: 2.853100 ms (FindLiveObjects: 0.143900 ms CreateObjectMapping: 0.043900 ms MarkObjects: 2.568400 ms  DeleteObjects: 0.094400 ms)

========================================================================
Received Import Request.
  Time since last request: 2189.257532 seconds.
  path: Assets/animation/amongus2.fbx
  artifactKey: Guid(e58b73fab4223bb4380434de443a5d55) Importer(815301076,1909f56bfc062723c751e8b465ee728b)
Start importing Assets/animation/amongus2.fbx using Guid(e58b73fab4223bb4380434de443a5d55) Importer(815301076,1909f56bfc062723c751e8b465ee728b)  -> (artifact id: '503e4320a03392c4790c9dffaffeeedd') in 0.509018 seconds
  Import took 0.514676 seconds .

========================================================================
Received Import Request.
  Time since last request: 117.015916 seconds.
  path: Assets/animation/amongus.fbx
  artifactKey: Guid(2a565b8d5e649ba47980ebe679472b89) Importer(815301076,1909f56bfc062723c751e8b465ee728b)
Start importing Assets/animation/amongus.fbx using Guid(2a565b8d5e649ba47980ebe679472b89) Importer(815301076,1909f56bfc062723c751e8b465ee728b)  -> (artifact id: 'beeb6870a8f6682ca95b403f52027b39') in 0.068705 seconds
  Import took 0.079693 seconds .

========================================================================
Received Import Request.
  Time since last request: 1253.047203 seconds.
  path: Assets/animation/PlayerAnimator.controller
  artifactKey: Guid(2cb075dd4c2903c42a9731ea34a790d9) Importer(815301076,1909f56bfc062723c751e8b465ee728b)
Start importing Assets/animation/PlayerAnimator.controller using Guid(2cb075dd4c2903c42a9731ea34a790d9) Importer(815301076,1909f56bfc062723c751e8b465ee728b)  -> (artifact id: 'f3282fefe2729035324f3df25040e708') in 0.015833 seconds
  Import took 0.019730 seconds .

========================================================================
Received Prepare
Registering precompiled user dll's ...
Registered in 0.001170 seconds.
Begin MonoManager ReloadAssembly
Native extension for WindowsStandalone target not found
Native extension for WebGL target not found
Refreshing native plugins compatible for Editor in 0.20 ms, found 0 plugins.
Preloading 0 native plugins for Editor in 0.00 ms.
Mono: successfully reloaded assembly
- Completed reload, in  0.878 seconds
Platform modules already initialized, skipping
Refreshing native plugins compatible for Editor in 0.18 ms, found 0 plugins.
Preloading 0 native plugins for Editor in 0.00 ms.
Unloading 1111 Unused Serialized files (Serialized files now loaded: 0)
System memory in use before: 74.3 MB.
System memory in use after: 74.4 MB.

Unloading 5 unused Assets to reduce memory usage. Loaded Objects now: 1635.
Total: 1.888400 ms (FindLiveObjects: 0.122700 ms CreateObjectMapping: 0.028600 ms MarkObjects: 1.550400 ms  DeleteObjects: 0.185200 ms)

========================================================================
Received Prepare
Registering precompiled user dll's ...
Registered in 0.000527 seconds.
Begin MonoManager ReloadAssembly
Native extension for WindowsStandalone target not found
Native extension for WebGL target not found
Refreshing native plugins compatible for Editor in 0.25 ms, found 0 plugins.
Preloading 0 native plugins for Editor in 0.00 ms.
Mono: successfully reloaded assembly
- Completed reload, in  0.784 seconds
Platform modules already initialized, skipping
Refreshing native plugins compatible for Editor in 0.31 ms, found 0 plugins.
Preloading 0 native plugins for Editor in 0.00 ms.
Unloading 1111 Unused Serialized files (Serialized files now loaded: 0)
System memory in use before: 74.3 MB.
System memory in use after: 74.4 MB.

Unloading 5 unused Assets to reduce memory usage. Loaded Objects now: 1638.
Total: 2.042600 ms (FindLiveObjects: 0.188700 ms CreateObjectMapping: 0.065400 ms MarkObjects: 1.719400 ms  DeleteObjects: 0.066900 ms)

========================================================================
Received Import Request.
  Time since last request: 2463.384480 seconds.
  path: Assets/materials/New Material 1.mat
  artifactKey: Guid(e60dbfa8c810e464d87872876e21fcb9) Importer(815301076,1909f56bfc062723c751e8b465ee728b)
Start importing Assets/materials/New Material 1.mat using Guid(e60dbfa8c810e464d87872876e21fcb9) Importer(815301076,1909f56bfc062723c751e8b465ee728b)  -> (artifact id: '8098f1f7587d5afb8ad95ec629e0624f') in 0.102655 seconds
  Import took 0.106093 seconds .

========================================================================
Received Import Request.
  Time since last request: 128.290935 seconds.
  path: Assets/materials/New Material 2.mat
  artifactKey: Guid(d2f901b494b92a94d93eb542aff611d2) Importer(815301076,1909f56bfc062723c751e8b465ee728b)
Start importing Assets/materials/New Material 2.mat using Guid(d2f901b494b92a94d93eb542aff611d2) Importer(815301076,1909f56bfc062723c751e8b465ee728b)  -> (artifact id: 'da499d2bcb1265e9a335997d74e1746e') in 0.017545 seconds
  Import took 0.021999 seconds .

========================================================================
Received Prepare
Registering precompiled user dll's ...
Registered in 0.000791 seconds.
Begin MonoManager ReloadAssembly
Native extension for WindowsStandalone target not found
Native extension for WebGL target not found
Refreshing native plugins compatible for Editor in 0.27 ms, found 0 plugins.
Preloading 0 native plugins for Editor in 0.00 ms.
Mono: successfully reloaded assembly
- Completed reload, in  1.383 seconds
Platform modules already initialized, skipping
Refreshing native plugins compatible for Editor in 0.22 ms, found 0 plugins.
Preloading 0 native plugins for Editor in 0.00 ms.
Unloading 1111 Unused Serialized files (Serialized files now loaded: 0)
System memory in use before: 74.4 MB.
System memory in use after: 74.4 MB.

Unloading 5 unused Assets to reduce memory usage. Loaded Objects now: 1642.
Total: 2.302000 ms (FindLiveObjects: 0.167400 ms CreateObjectMapping: 0.040000 ms MarkObjects: 2.004100 ms  DeleteObjects: 0.088100 ms)

========================================================================
Received Import Request.
  Time since last request: 809.918680 seconds.
  path: Assets/Scripts/PlayerMovement.cs
  artifactKey: Guid(2ed6c357be3f8834499361dfec06d30b) Importer(815301076,1909f56bfc062723c751e8b465ee728b)
Start importing Assets/Scripts/PlayerMovement.cs using Guid(2ed6c357be3f8834499361dfec06d30b) Importer(815301076,1909f56bfc062723c751e8b465ee728b)  -> (artifact id: '0abdac885c5570a168752ac4692fb82c') in 0.011156 seconds
  Import took 0.013869 seconds .

========================================================================
Received Prepare
Registering precompiled user dll's ...
Registered in 0.000658 seconds.
Begin MonoManager ReloadAssembly
Native extension for WindowsStandalone target not found
Native extension for WebGL target not found
Refreshing native plugins compatible for Editor in 0.37 ms, found 0 plugins.
Preloading 0 native plugins for Editor in 0.00 ms.
Mono: successfully reloaded assembly
- Completed reload, in  1.150 seconds
Platform modules already initialized, skipping
Refreshing native plugins compatible for Editor in 0.27 ms, found 0 plugins.
Preloading 0 native plugins for Editor in 0.00 ms.
Unloading 1111 Unused Serialized files (Serialized files now loaded: 0)
System memory in use before: 74.4 MB.
System memory in use after: 74.4 MB.

Unloading 5 unused Assets to reduce memory usage. Loaded Objects now: 1645.
Total: 3.061900 ms (FindLiveObjects: 0.255200 ms CreateObjectMapping: 0.087600 ms MarkObjects: 2.597900 ms  DeleteObjects: 0.118200 ms)

========================================================================
Received Prepare
Registering precompiled user dll's ...
Registered in 0.000679 seconds.
Begin MonoManager ReloadAssembly
Native extension for WindowsStandalone target not found
Native extension for WebGL target not found
Refreshing native plugins compatible for Editor in 0.22 ms, found 0 plugins.
Preloading 0 native plugins for Editor in 0.00 ms.
Mono: successfully reloaded assembly
- Completed reload, in  0.710 seconds
Platform modules already initialized, skipping
Refreshing native plugins compatible for Editor in 0.18 ms, found 0 plugins.
Preloading 0 native plugins for Editor in 0.00 ms.
Unloading 1111 Unused Serialized files (Serialized files now loaded: 0)
System memory in use before: 74.4 MB.
System memory in use after: 74.5 MB.

Unloading 5 unused Assets to reduce memory usage. Loaded Objects now: 1648.
Total: 2.605500 ms (FindLiveObjects: 0.133900 ms CreateObjectMapping: 0.028300 ms MarkObjects: 2.322400 ms  DeleteObjects: 0.119800 ms)

AssetImportWorkerClient::OnTransportError - code=2 error=End of file
